[debug] [2021-01-19T20:28:54.247Z] ----------------------------------------------------------------------
[debug] [2021-01-19T20:28:54.250Z] Command:       C:\Program Files\nodejs\node.exe C:\Users\Rasel\AppData\Roaming\npm\node_modules\firebase-tools\lib\bin\firebase.js init
[debug] [2021-01-19T20:28:54.250Z] CLI Version:   9.2.1
[debug] [2021-01-19T20:28:54.250Z] Platform:      win32
[debug] [2021-01-19T20:28:54.250Z] Node Version:  v12.18.4
[debug] [2021-01-19T20:28:54.251Z] Time:          Tue Jan 19 2021 12:28:54 GMT-0800 (Pacific Standard Time)
[debug] [2021-01-19T20:28:54.251Z] ----------------------------------------------------------------------
[debug] [2021-01-19T20:28:54.251Z] 
[debug] [2021-01-19T20:28:54.258Z] > command requires scopes: ["email","openid","https://www.googleapis.com/auth/cloudplatformprojects.readonly","https://www.googleapis.com/auth/firebase","https://www.googleapis.com/auth/cloud-platform"]
[debug] [2021-01-19T20:28:54.259Z] > authorizing via signed-in user
[info] 
     ######## #### ########  ######## ########     ###     ######  ########
     ##        ##  ##     ## ##       ##     ##  ##   ##  ##       ##
     ######    ##  ########  ######   ########  #########  ######  ######
     ##        ##  ##    ##  ##       ##     ## ##     ##       ## ##
     ##       #### ##     ## ######## ########  ##     ##  ######  ########

You're about to initialize a Firebase project in this directory:

  D:\Complete-Web-Development-Course\visual-stiduo-code\project\volunteer-assignment-10\volunter-client-site

Before we get started, keep in mind:

  * You are initializing in an existing Firebase project directory

[info] 
=== Project Setup
[info] 
[info] First, let's associate this project directory with a Firebase project.
[info] You can create multiple project aliases by running firebase use --add, 
[info] but for now we'll just set up a default project.
[info] 
[info] i  .firebaserc already has a default project, using volunteer-assignment-10. 
[debug] [2021-01-19T20:29:02.045Z] > refreshing access token with scopes: []
[debug] [2021-01-19T20:29:02.046Z] >>> HTTP REQUEST POST https://www.googleapis.com/oauth2/v3/token  
 <request body omitted>
[debug] [2021-01-19T20:29:02.366Z] <<< HTTP RESPONSE 200 {"cache-control":"no-cache, no-store, max-age=0, must-revalidate","date":"Tue, 19 Jan 2021 18:29:06 GMT","expires":"Mon, 01 Jan 1990 00:00:00 GMT","pragma":"no-cache","content-type":"application/json; charset=utf-8","vary":"X-Origin, Referer, Origin,Accept-Encoding","server":"scaffolding on HTTPServer2","x-xss-protection":"0","x-frame-options":"SAMEORIGIN","x-content-type-options":"nosniff","alt-svc":"h3-29=\":443\"; ma=2592000,h3-T051=\":443\"; ma=2592000,h3-Q050=\":443\"; ma=2592000,h3-Q046=\":443\"; ma=2592000,h3-Q043=\":443\"; ma=2592000,quic=\":443\"; ma=2592000; v=\"46,43\"","accept-ranges":"none","transfer-encoding":"chunked"}
[debug] [2021-01-19T20:29:02.377Z] >>> [apiv2][query] GET https://firebase.googleapis.com/v1beta1/projects/volunteer-assignment-10 [none]
[debug] [2021-01-19T20:29:03.088Z] <<< [apiv2][status] GET https://firebase.googleapis.com/v1beta1/projects/volunteer-assignment-10 200
[debug] [2021-01-19T20:29:03.088Z] <<< [apiv2][body] GET https://firebase.googleapis.com/v1beta1/projects/volunteer-assignment-10 {"projectId":"volunteer-assignment-10","projectNumber":"903494728975","displayName":"volunteer-assignment-10","name":"projects/volunteer-assignment-10","resources":{"hostingSite":"volunteer-assignment-10"},"state":"ACTIVE"}
[info] 
=== Hosting Setup
[info] 
[info] Your public directory is the folder (relative to your project directory) that
[info] will contain Hosting assets to be uploaded with firebase deploy. If you
[info] have a build process for your assets, use your build's output directory.
[info] 
[info] +  Wrote build/404.html 
[debug] [2021-01-19T20:30:06.488Z] >>> [apiv2][query] GET https://www.gstatic.com/firebasejs/releases.json [none]
[debug] [2021-01-19T20:30:06.813Z] <<< [apiv2][status] GET https://www.gstatic.com/firebasejs/releases.json 200
[debug] [2021-01-19T20:30:06.813Z] <<< [apiv2][body] GET https://www.gstatic.com/firebasejs/releases.json {"current":{"version":"8.2.3","browserURL":"https://www.gstatic.com/firebasejs/8.2.3/firebase.js","packageURL":"https://www.gstatic.com/firebasejs/8.2.3/firebase.tgz"},"live":{"version":"8.2","browserURL":"https://www.gstatic.com/firebasejs/live/8.2/firebase.js","packageURL":"https://www.gstatic.com/firebasejs/live/8.2/firebase.tgz"},"components":{"analytics":"https://www.gstatic.com/firebasejs/8.2.3/firebase-analytics.js","app":"https://www.gstatic.com/firebasejs/8.2.3/firebase-app.js","auth":"https://www.gstatic.com/firebasejs/8.2.3/firebase-auth.js","database":"https://www.gstatic.com/firebasejs/8.2.3/firebase-database.js","firestore":"https://www.gstatic.com/firebasejs/8.2.3/firebase-firestore.js","functions":"https://www.gstatic.com/firebasejs/8.2.3/firebase-functions.js","installations":"https://www.gstatic.com/firebasejs/8.2.3/firebase-installations.js","messaging":"https://www.gstatic.com/firebasejs/8.2.3/firebase-messaging.js","storage":"https://www.gstatic.com/firebasejs/8.2.3/firebase-storage.js","performance":"https://www.gstatic.com/firebasejs/8.2.3/firebase-performance.js","remote-config":"https://www.gstatic.com/firebasejs/8.2.3/firebase-remote-config.js","firestore.memory":"https://www.gstatic.com/firebasejs/8.2.3/firebase-firestore.memory.js"}}
[info] +  Wrote build/index.html 
[info] 
[info] i  Detected a .git folder at D:\Complete-Web-Development-Course\visual-stiduo-code\project\volunteer-assignment-10\volunter-client-site 
[info] i  Authorizing with GitHub to upload your service account to a GitHub repository's secrets store. 
[info] 
[info] Visit this URL on this device to log in:
[info] https://github.com/login/oauth/authorize?client_id=89cf50f02ac6aaed3484&state=483737095&redirect_uri=http%3A%2F%2Flocalhost%3A9005&scope=read%3Auser%20repo%20public_repo
[info] 
[info] Waiting for authentication...
[debug] [2021-01-19T20:30:41.643Z] >>> HTTP REQUEST POST https://github.com/login/oauth/access_token  
 {"client_id":"89cf50f02ac6aaed3484","client_secret":"3330d14abc895d9a74d5f17cd7a00711fa2c5bf0","code":"3046cfb5a206023bbf38","redirect_uri":"http://localhost:9005","state":"483737095"}
[debug] [2021-01-19T20:30:42.161Z] <<< HTTP RESPONSE 200 {"date":"Tue, 19 Jan 2021 18:30:46 GMT","content-type":"application/json; charset=utf-8","transfer-encoding":"chunked","server":"GitHub.com","status":"200 OK","vary":"X-PJAX, Accept-Encoding, Accept, X-Requested-With, Accept-Encoding","etag":"W/\"6035a9071ad27da2410748ce96d4387d\"","cache-control":"max-age=0, private, must-revalidate","strict-transport-security":"max-age=31536000; includeSubdomains; preload","x-frame-options":"deny","x-content-type-options":"nosniff","x-xss-protection":"1; mode=block","referrer-policy":"origin-when-cross-origin, strict-origin-when-cross-origin","expect-ct":"max-age=2592000, report-uri=\"https://api.github.com/_private/browser/errors\"","content-security-policy":"default-src 'none'; base-uri 'self'; block-all-mixed-content; connect-src 'self' uploads.github.com www.githubstatus.com collector.githubapp.com api.github.com github-cloud.s3.amazonaws.com github-production-repository-file-5c1aeb.s3.amazonaws.com github-production-upload-manifest-file-7fdce7.s3.amazonaws.com github-production-user-asset-6210df.s3.amazonaws.com cdn.optimizely.com logx.optimizely.com/v1/events wss://alive.github.com; font-src github.githubassets.com; form-action 'self' github.com gist.github.com; frame-ancestors 'none'; frame-src render.githubusercontent.com; img-src 'self' data: github.githubassets.com identicons.github.com collector.githubapp.com github-cloud.s3.amazonaws.com *.githubusercontent.com; manifest-src 'self'; media-src 'none'; script-src github.githubassets.com; style-src 'unsafe-inline' github.githubassets.com; worker-src github.com/socket-worker-5029ae85.js gist.github.com/socket-worker-5029ae85.js","x-github-request-id":"CAE1:6DAC:59063:759B8:60072556"}
[debug] [2021-01-19T20:30:42.165Z] >>> [apiv2][query] GET https://api.github.com/user [none]
[debug] [2021-01-19T20:30:42.714Z] <<< [apiv2][status] GET https://api.github.com/user 200
[debug] [2021-01-19T20:30:42.715Z] <<< [apiv2][body] GET https://api.github.com/user {"login":"Raselkhan1234","id":70233466,"node_id":"MDQ6VXNlcjcwMjMzNDY2","avatar_url":"https://avatars2.githubusercontent.com/u/70233466?v=4","gravatar_id":"","url":"https://api.github.com/users/Raselkhan1234","html_url":"https://github.com/Raselkhan1234","followers_url":"https://api.github.com/users/Raselkhan1234/followers","following_url":"https://api.github.com/users/Raselkhan1234/following{/other_user}","gists_url":"https://api.github.com/users/Raselkhan1234/gists{/gist_id}","starred_url":"https://api.github.com/users/Raselkhan1234/starred{/owner}{/repo}","subscriptions_url":"https://api.github.com/users/Raselkhan1234/subscriptions","organizations_url":"https://api.github.com/users/Raselkhan1234/orgs","repos_url":"https://api.github.com/users/Raselkhan1234/repos","events_url":"https://api.github.com/users/Raselkhan1234/events{/privacy}","received_events_url":"https://api.github.com/users/Raselkhan1234/received_events","type":"User","site_admin":false,"name":null,"company":null,"blog":"","location":null,"email":null,"hireable":null,"bio":null,"twitter_username":null,"public_repos":31,"public_gists":0,"followers":0,"following":0,"created_at":"2020-08-25T19:20:25Z","updated_at":"2021-01-19T18:30:45Z","private_gists":0,"total_private_repos":1,"owned_private_repos":1,"disk_usage":110117,"collaborators":0,"two_factor_authentication":false,"plan":{"name":"free","space":976562499,"collaborators":0,"private_repos":10000}}
[info] 
[info] +  Success! Logged into GitHub as Raselkhan1234 
[info] 
[debug] [2021-01-19T20:30:56.594Z] >>> [apiv2][query] GET https://api.github.com/repos//actions/secrets/public-key type=owner
[debug] [2021-01-19T20:30:57.087Z] <<< [apiv2][status] GET https://api.github.com/repos//actions/secrets/public-key 404
[debug] [2021-01-19T20:30:57.087Z] <<< [apiv2][body] GET https://api.github.com/repos//actions/secrets/public-key {"message":"Not Found","documentation_url":"https://docs.github.com/rest"}
[debug] [2021-01-19T20:30:58.015Z] >>> [apiv2][query] GET https://api.github.com/repos//actions/secrets/public-key type=owner
[debug] [2021-01-19T20:30:58.509Z] <<< [apiv2][status] GET https://api.github.com/repos//actions/secrets/public-key 404
[debug] [2021-01-19T20:30:58.510Z] <<< [apiv2][body] GET https://api.github.com/repos//actions/secrets/public-key {"message":"Not Found","documentation_url":"https://docs.github.com/rest"}
[debug] [2021-01-19T20:39:18.813Z] ----------------------------------------------------------------------
[debug] [2021-01-19T20:39:18.816Z] Command:       C:\Program Files\nodejs\node.exe C:\Users\Rasel\AppData\Roaming\npm\node_modules\firebase-tools\lib\bin\firebase.js init
[debug] [2021-01-19T20:39:18.817Z] CLI Version:   9.2.1
[debug] [2021-01-19T20:39:18.817Z] Platform:      win32
[debug] [2021-01-19T20:39:18.817Z] Node Version:  v12.18.4
[debug] [2021-01-19T20:39:18.818Z] Time:          Tue Jan 19 2021 12:39:18 GMT-0800 (Pacific Standard Time)
[debug] [2021-01-19T20:39:18.819Z] ----------------------------------------------------------------------
[debug] [2021-01-19T20:39:18.819Z] 
[debug] [2021-01-19T20:39:18.888Z] > command requires scopes: ["email","openid","https://www.googleapis.com/auth/cloudplatformprojects.readonly","https://www.googleapis.com/auth/firebase","https://www.googleapis.com/auth/cloud-platform"]
[debug] [2021-01-19T20:39:18.902Z] > authorizing via signed-in user
[info] 
     ######## #### ########  ######## ########     ###     ######  ########
     ##        ##  ##     ## ##       ##     ##  ##   ##  ##       ##
     ######    ##  ########  ######   ########  #########  ######  ######
     ##        ##  ##    ##  ##       ##     ## ##     ##       ## ##
     ##       #### ##     ## ######## ########  ##     ##  ######  ########

You're about to initialize a Firebase project in this directory:

  D:\Complete-Web-Development-Course\visual-stiduo-code\project\volunteer-assignment-10\volunter-client-site

Before we get started, keep in mind:

  * You are initializing in an existing Firebase project directory

[info] 
=== Project Setup
[info] 
[info] First, let's associate this project directory with a Firebase project.
[info] You can create multiple project aliases by running firebase use --add, 
[info] but for now we'll just set up a default project.
[info] 
[info] i  .firebaserc already has a default project, using volunteer-assignment-10. 
[debug] [2021-01-19T20:39:25.107Z] >>> [apiv2][query] GET https://firebase.googleapis.com/v1beta1/projects/volunteer-assignment-10 [none]
[debug] [2021-01-19T20:39:26.095Z] <<< [apiv2][status] GET https://firebase.googleapis.com/v1beta1/projects/volunteer-assignment-10 200
[debug] [2021-01-19T20:39:26.095Z] <<< [apiv2][body] GET https://firebase.googleapis.com/v1beta1/projects/volunteer-assignment-10 {"projectId":"volunteer-assignment-10","projectNumber":"903494728975","displayName":"volunteer-assignment-10","name":"projects/volunteer-assignment-10","resources":{"hostingSite":"volunteer-assignment-10"},"state":"ACTIVE"}
[info] 
=== Hosting Setup
[info] 
[info] Your public directory is the folder (relative to your project directory) that
[info] will contain Hosting assets to be uploaded with firebase deploy. If you
[info] have a build process for your assets, use your build's output directory.
[info] 
[info] i  Skipping write of build/404.html 
[debug] [2021-01-19T20:39:40.658Z] >>> [apiv2][query] GET https://www.gstatic.com/firebasejs/releases.json [none]
[debug] [2021-01-19T20:39:41.031Z] <<< [apiv2][status] GET https://www.gstatic.com/firebasejs/releases.json 200
[debug] [2021-01-19T20:39:41.031Z] <<< [apiv2][body] GET https://www.gstatic.com/firebasejs/releases.json {"current":{"version":"8.2.3","browserURL":"https://www.gstatic.com/firebasejs/8.2.3/firebase.js","packageURL":"https://www.gstatic.com/firebasejs/8.2.3/firebase.tgz"},"live":{"version":"8.2","browserURL":"https://www.gstatic.com/firebasejs/live/8.2/firebase.js","packageURL":"https://www.gstatic.com/firebasejs/live/8.2/firebase.tgz"},"components":{"analytics":"https://www.gstatic.com/firebasejs/8.2.3/firebase-analytics.js","app":"https://www.gstatic.com/firebasejs/8.2.3/firebase-app.js","auth":"https://www.gstatic.com/firebasejs/8.2.3/firebase-auth.js","database":"https://www.gstatic.com/firebasejs/8.2.3/firebase-database.js","firestore":"https://www.gstatic.com/firebasejs/8.2.3/firebase-firestore.js","functions":"https://www.gstatic.com/firebasejs/8.2.3/firebase-functions.js","installations":"https://www.gstatic.com/firebasejs/8.2.3/firebase-installations.js","messaging":"https://www.gstatic.com/firebasejs/8.2.3/firebase-messaging.js","storage":"https://www.gstatic.com/firebasejs/8.2.3/firebase-storage.js","performance":"https://www.gstatic.com/firebasejs/8.2.3/firebase-performance.js","remote-config":"https://www.gstatic.com/firebasejs/8.2.3/firebase-remote-config.js","firestore.memory":"https://www.gstatic.com/firebasejs/8.2.3/firebase-firestore.memory.js"}}
[info] i  Skipping write of build/index.html 
[info] 
[info] i  Detected a .git folder at D:\Complete-Web-Development-Course\visual-stiduo-code\project\volunteer-assignment-10\volunter-client-site 
[info] i  Authorizing with GitHub to upload your service account to a GitHub repository's secrets store. 
[info] 
[info] Visit this URL on this device to log in:
[info] https://github.com/login/oauth/authorize?client_id=89cf50f02ac6aaed3484&state=524777246&redirect_uri=http%3A%2F%2Flocalhost%3A9005&scope=read%3Auser%20repo%20public_repo
[info] 
[info] Waiting for authentication...
[debug] [2021-01-19T20:39:51.915Z] >>> HTTP REQUEST POST https://github.com/login/oauth/access_token  
 {"client_id":"89cf50f02ac6aaed3484","client_secret":"3330d14abc895d9a74d5f17cd7a00711fa2c5bf0","code":"1a666e0ff5e363e10925","redirect_uri":"http://localhost:9005","state":"524777246"}
[debug] [2021-01-19T20:39:52.409Z] <<< HTTP RESPONSE 200 {"date":"Tue, 19 Jan 2021 18:39:57 GMT","content-type":"application/json; charset=utf-8","transfer-encoding":"chunked","server":"GitHub.com","status":"200 OK","vary":"X-PJAX, Accept-Encoding, Accept, X-Requested-With, Accept-Encoding","etag":"W/\"1a410c10fdfa0d74d14ec17458dccd08\"","cache-control":"max-age=0, private, must-revalidate","strict-transport-security":"max-age=31536000; includeSubdomains; preload","x-frame-options":"deny","x-content-type-options":"nosniff","x-xss-protection":"1; mode=block","referrer-policy":"origin-when-cross-origin, strict-origin-when-cross-origin","expect-ct":"max-age=2592000, report-uri=\"https://api.github.com/_private/browser/errors\"","content-security-policy":"default-src 'none'; base-uri 'self'; block-all-mixed-content; connect-src 'self' uploads.github.com www.githubstatus.com collector.githubapp.com api.github.com github-cloud.s3.amazonaws.com github-production-repository-file-5c1aeb.s3.amazonaws.com github-production-upload-manifest-file-7fdce7.s3.amazonaws.com github-production-user-asset-6210df.s3.amazonaws.com cdn.optimizely.com logx.optimizely.com/v1/events wss://alive.github.com; font-src github.githubassets.com; form-action 'self' github.com gist.github.com; frame-ancestors 'none'; frame-src render.githubusercontent.com; img-src 'self' data: github.githubassets.com identicons.github.com collector.githubapp.com github-cloud.s3.amazonaws.com *.githubusercontent.com; manifest-src 'self'; media-src 'none'; script-src github.githubassets.com; style-src 'unsafe-inline' github.githubassets.com; worker-src github.com/socket-worker-5029ae85.js gist.github.com/socket-worker-5029ae85.js","x-github-request-id":"CB5A:3957:D6F0E:11913C:6007277C"}
[debug] [2021-01-19T20:39:52.410Z] >>> [apiv2][query] GET https://api.github.com/user [none]
[debug] [2021-01-19T20:39:52.973Z] <<< [apiv2][status] GET https://api.github.com/user 200
[debug] [2021-01-19T20:39:52.973Z] <<< [apiv2][body] GET https://api.github.com/user {"login":"Raselkhan1234","id":70233466,"node_id":"MDQ6VXNlcjcwMjMzNDY2","avatar_url":"https://avatars2.githubusercontent.com/u/70233466?v=4","gravatar_id":"","url":"https://api.github.com/users/Raselkhan1234","html_url":"https://github.com/Raselkhan1234","followers_url":"https://api.github.com/users/Raselkhan1234/followers","following_url":"https://api.github.com/users/Raselkhan1234/following{/other_user}","gists_url":"https://api.github.com/users/Raselkhan1234/gists{/gist_id}","starred_url":"https://api.github.com/users/Raselkhan1234/starred{/owner}{/repo}","subscriptions_url":"https://api.github.com/users/Raselkhan1234/subscriptions","organizations_url":"https://api.github.com/users/Raselkhan1234/orgs","repos_url":"https://api.github.com/users/Raselkhan1234/repos","events_url":"https://api.github.com/users/Raselkhan1234/events{/privacy}","received_events_url":"https://api.github.com/users/Raselkhan1234/received_events","type":"User","site_admin":false,"name":null,"company":null,"blog":"","location":null,"email":null,"hireable":null,"bio":null,"twitter_username":null,"public_repos":32,"public_gists":0,"followers":0,"following":0,"created_at":"2020-08-25T19:20:25Z","updated_at":"2021-01-19T18:31:59Z","private_gists":0,"total_private_repos":1,"owned_private_repos":1,"disk_usage":110117,"collaborators":0,"two_factor_authentication":false,"plan":{"name":"free","space":976562499,"collaborators":0,"private_repos":10000}}
[info] 
[info] +  Success! Logged into GitHub as Raselkhan1234 
[info] 
[debug] [2021-01-19T20:40:08.111Z] >>> [apiv2][query] GET https://api.github.com/repos/N/actions/secrets/public-key type=owner
[debug] [2021-01-19T20:40:08.697Z] <<< [apiv2][status] GET https://api.github.com/repos/N/actions/secrets/public-key 404
[debug] [2021-01-19T20:40:08.697Z] <<< [apiv2][body] GET https://api.github.com/repos/N/actions/secrets/public-key {"message":"Not Found","documentation_url":"https://docs.github.com/rest"}
